(---------------------------------------------------------------------)
(                                                                     )
(    IPC2581 Export                                                   )
(                                                                     )
(    Software Version : 25.1S010                                      )
(    Date/Time        : Mon May 11 21:21:27 2026                      )
(                                                                     )
(---------------------------------------------------------------------)




Collecting net list ...



Collecting package defintions ...

WARNING:  Multiple PLACE_BOUND outlines defined for the package "JOYTSTICK_YTL".
  An overall bounding box has been exported.


Collecting component descriptions ...



Collecting BOM items ...



Property configuration file: c:/cadence_2026/allegro/ipc2581_attr_config.atr
IPC2581 file: kit_stm32
IPC2581 version: IPC2581-B
BRD file: c:/cadence_2026/allegro/kit_stm32.brd
IPC2581 units: MILLIMETER
Global package pin1 orientation: OTHER
Default symbol height: 3.81
Export drill information?: YES
Export backdrill information?: NO
Export BOM information?: YES
Export component descriptions?: YES
Export component packages?: YES
Export land patterns?: YES
Export device descriptions?: YES
Export net list?: YES
Export hierarchical layer/stack instance?: NO
Export Outer Copper Layers?: YES
Export Inner Layers?: YES
Export Documentation Layers?: YES
Export Miscellaneous Image Layers?: YES
Export SolderMask/SolderPaste Legend Layers?: YES
Export vector text?: YES
Export cavities?: NO
Export padstack definitions?: NO
Export zip file?: YES
a2ipc2581 complete.
