(---------------------------------------------------------------------)
(                                                                     )
(    NC DRILL Log                                                     )
(                                                                     )
(    Drawing          : kit_stm32.brd                                 )
(    Software Version : 25.1S010                                      )
(    Date/Time        : Mon May 11 21:21:48 2026                      )
(                                                                     )
(---------------------------------------------------------------------)



 Processing NC Parameters file 'nc_param.txt' ...

 NC PARAMETERS
 -------------

 FORMAT   		2.5
 MACHINE-OFFSET		x:0.00000	y:0.00000   (mm)
 FEEDRATE		1
 COORDINATES		ABSOLUTE
 OUTPUT-UNITS		METRIC
 TOOL-ORDER		INCREASING
 REPEAT-CODES		YES
 SUPPRESS-LEAD-ZEROES	NO
 SUPPRESS-TRAIL-ZEROES	NO
 SUPPRESS-EQUAL		NO
 TOOL-SELECT		NO
 HEADER			none
 LEADER			12
 CODE			ASCII
 SEPARATE		NO
 SEPARATE-ROUTING	NO
 OPTIMIZE_DRILLING	NO
 ENHANCED_EXCELLON	NO
 SCALE			1.000000



 Drill files being output to directory 'c:/cadence_2026/allegro' ...



     'kit_stm32-1-4.drl' created for holes connecting TOP and BOTTOM
     ---------------------------------------------------------------

           Num     Size      +/- Tolerance     Plating   Quantity

            1.   0.3302    0.0000/  0.0000      PLATED        596
            2.   0.8000    0.0000/  0.0000      PLATED         14
            3.   0.9600    0.0000/  0.0000      PLATED          1
            4.   1.0000    0.0000/  0.0000      PLATED         65
            5.   1.0500    0.0000/  0.0000      PLATED          4
            6.   1.1000    0.0000/  0.0000      PLATED         28
            7.   1.1500    0.0000/  0.0000      PLATED          4
            8.   1.5000    0.0000/  0.0000      PLATED          4
            9.   3.3299    0.0000/  0.0000      PLATED          4
           10.   0.6500    0.0000/  0.0000  NON_PLATED          2

     ---- Total holes:                                        722

     ---- Total head travel:              59.19 feet (18.04 meters)

