(---------------------------------------------------------------------)
(                                                                     )
(    Allegro Netrev Import Logic                                      )
(                                                                     )
(    Drawing          : kit_stm32.brd                                 )
(    Software Version : 25.1S010                                      )
(    Date/Time        : Mon May 11 20:57:25 2026                      )
(                                                                     )
(---------------------------------------------------------------------)


------ Directives ------------

Ripup etch:                  Yes
Ripup delete first segment:  No
Ripup retain bondwire:       No
Ripup symbols:               Always
Missing symbol has error:    No
DRC update:                  Yes
Schematic directory:         'c:\cadence_2026\allegro'
Design Directory:            'c:/cadence_2026/allegro'
Old design name:             'c:/cadence_2026/allegro/kit_stm32.brd'
New design name:             'c:/cadence_2026/allegro/kit_stm32.brd'

CmdLine: netrev -y 1 -i c:\cadence_2026\allegro -x -h -z -q netrev_constraint_report.xml c:/cadence_2026/allegro/#Taaaaan19132.tmp

------ Preparing to read pst files ------

Starting to read c:/cadence_2026/allegro/pstchip.dat 
   Finished reading c:/cadence_2026/allegro/pstchip.dat (00:00:00.03)
Starting to read c:/cadence_2026/allegro/pstxprt.dat 
   Finished reading c:/cadence_2026/allegro/pstxprt.dat (00:00:00.00)
Starting to read c:/cadence_2026/allegro/pstxnet.dat 
   Finished reading c:/cadence_2026/allegro/pstxnet.dat (00:00:00.00)

------ Oversights/Warnings/Errors ------


------ Library Paths ------
MODULEPATH =  . 
           c:/cadence/orcadx_25.1/share/local/pcb/modules 

PSMPATH =  . 
           symbols 
           .. 
           ../symbols 
           C:/Cadence/OrCADX_24.1/share/local/pcb/symbols 
           C:/Cadence/OrCADX_24.1/share/pcb/pcb_lib/symbols 
           C:/Cadence/OrCADX_24.1/share/pcb/allegrolib/symbols 
           C:/candencecircuits/cad_library 
           C:/Users/rocio/AppData/Roaming/SPB_Data/cdssetup/OrCAD_Capture/25.1.0/downloaded_parts/allegropcb 
           C:/OrCAD_Libraries/ 
           C:/Cadence_2026/cad_library 

PADPATH =  . 
           symbols 
           .. 
           ../symbols 
           C:/Cadence/OrCADX_24.1/share/local/pcb/padstacks 
           C:/Cadence/OrCADX_24.1/share/pcb/pcb_lib/symbols 
           C:/Cadence/OrCADX_24.1/share/pcb/allegrolib/symbols 
           C:/candencecircuits/cad_library 
           C:/Users/rocio/AppData/Roaming/SPB_Data/cdssetup/OrCAD_Capture/25.1.0/downloaded_parts/allegropcb 
           C:/OrCAD_Libraries/ 
           C:/Cadence_2026/cad_library 


------ Summary Statistics ------


netrev run on May 11 20:57:25 2026
   DESIGN NAME : 'KIT_STM32'
   PACKAGING ON Nov 23 2025 21:41:24

   COMPILE 'logic'
   CHECK_PIN_NAMES OFF
   CROSS_REFERENCE OFF
   FEEDBACK OFF
   INCREMENTAL OFF
   INTERFACE_TYPE PHYSICAL
   MAX_ERRORS 500
   MERGE_MINIMUM 5
   NET_NAME_CHARS '#%&()*+-./:=>?@[]^_`|'
   NET_NAME_LENGTH 24
   OVERSIGHTS ON
   REPLACE_CHECK OFF
   SINGLE_NODE_NETS ON
   SPLIT_MINIMUM 0
   SUPPRESS   20
   WARNINGS ON

 No error detected
 No oversight detected
 No warning detected

cpu time      0:01:42
elapsed time  0:00:00

